<?xml version="1.0" encoding="UTF-8"?>
<testsuite xmlns:xsi="http://www.w3.org/2001/XMLSchema-instance" xsi:noNamespaceSchemaLocation="https://maven.apache.org/surefire/maven-surefire-plugin/xsd/surefire-test-report.xsd" name="bryan.array.ArrayTest" time="0.054" tests="21" errors="0" skipped="0" failures="0">
  <properties>
[...]
</properties>
  <testcase name="testLastIndex" classname="bryan.array.ArrayTest" time="0.007"/>
  <testcase name="testAdd" classname="bryan.array.ArrayTest" time="0"/>
  <testcase name="testGet" classname="bryan.array.ArrayTest" time="0"/>
  <testcase name="testSet" classname="bryan.array.ArrayTest" time="0"/>
  <testcase name="testClear" classname="bryan.array.ArrayTest" time="0.001"/>
  <testcase name="testAdd2" classname="bryan.array.ArrayTest" time="0"/>
  <testcase name="testAdd3" classname="bryan.array.ArrayTest" time="0"/>
  <testcase name="testSize" classname="bryan.array.ArrayTest" time="0.001"/>
  <testcase name="testForEach" classname="bryan.array.ArrayTest" time="0"/>
  <testcase name="testDimension" classname="bryan.array.ArrayTest" time="0"/>
  <testcase name="testContains" classname="bryan.array.ArrayTest" time="0"/>
  <testcase name="testContains2" classname="bryan.array.ArrayTest" time="0"/>
  <testcase name="testContains3" classname="bryan.array.ArrayTest" time="0.001"/>
  <testcase name="testRemove2" classname="bryan.array.ArrayTest" time="0.001"/>
  <testcase name="testRemove3" classname="bryan.array.ArrayTest" time="0"/>
  <testcase name="testReverse" classname="bryan.array.ArrayTest" time="0"/>
  <testcase name="testIndexOf" classname="bryan.array.ArrayTest" time="0"/>
  <testcase name="testDefragment" classname="bryan.array.ArrayTest" time="0"/>
  <testcase name="testIsEmpty" classname="bryan.array.ArrayTest" time="0"/>
  <testcase name="testRemove" classname="bryan.array.ArrayTest" time="0"/>
  <testcase name="testIterator" classname="bryan.array.ArrayTest" time="0"/>
</testsuite>